  Option : *
 User specified ordering.
           9  Highest principal quantum number.
           4  Highest orbital angular momentum.
 F  all subshells active.
 F  limitations on population of n-subshells.
           6  highest n-number.
 Predefined core:c
 Core n=           4
          10  number of electrons in           4 d
 c   closed, inactive, etc...
          14  number of electrons in           4 f
 c   closed, inactive, etc...
           2  number of electrons in           5 s
 c   closed, inactive, etc...
           6  number of electrons in           5 p
 c   closed, inactive, etc...
           0  number of electrons in           5 d
 *   inactive, active, etc...
           0  number of electrons in           5 f
 *   inactive, active, etc...
           0  number of electrons in           5 g
 *   inactive, active, etc...
           1  number of electrons in           6 s
 *   inactive, active, etc...
           1  number of electrons in           6 p
 *   inactive, active, etc...
           0  number of electrons in           6 d
 *   inactive, active, etc...
           0  number of electrons in           6 f
 *   inactive, active, etc...
           0  number of electrons in           6 g
 *   inactive, active, etc...
 *           7 s inactive, active, etc...
 *           7 p inactive, active, etc...
 *           7 d inactive, active, etc...
 *           7 f inactive, active, etc...
 i           7 g inactive, active, etc...
 *           8 s inactive, active, etc...
 *           8 p inactive, active, etc...
 *           8 d inactive, active, etc...
 *           8 f inactive, active, etc...
 i           8 g inactive, active, etc...
 *           9 s inactive, active, etc...
 *           9 p inactive, active, etc...
 i           9 d inactive, active, etc...
 i           9 f inactive, active, etc...
 i           9 g inactive, active, etc...
           2  to           2  is the resulting term.
           2  number of excitations.
 F  Generate another list.
