Core subshells:
  1s   2s   2p-  2p   3s   3p-  3p   3d-  3d   4s   4p-  4p   4d-  4d   5s   5p-  5p   4f-  4f
Peel subshells:
  5d-  5d   6s   6p-  6p   5f-  5f   6d-  6d   7p-  7p   8s   5g-  5g   6f-  6f   6g-  6g   7s   7d-  7d   7f-  7f   8p-  8p   8d-  8d   8f-  8f   9s   9p-  9p
CSF(s):
  6s ( 1)  6p-( 1)
      1/2      1/2
                  1-
  6s ( 1)  6p ( 1)
      1/2      3/2
                  1-
  6s ( 1)  7p ( 1)
      1/2      3/2
                  1-
  6p ( 1)  6d-( 1)
      3/2      3/2
                  1-
  6s ( 1)  7p-( 1)
      1/2      1/2
                  1-
  6p-( 1)  6d-( 1)
      1/2      3/2
                  1-
  6d-( 1)  7p ( 1)
      3/2      3/2
                  1-
  6p-( 1)  7s ( 1)
      1/2      1/2
                  1-
  5d ( 1)  6p ( 1)
      5/2      3/2
                  1-
  7p-( 1)  7s ( 1)
      1/2      1/2
                  1-
  5d ( 1)  7p ( 1)
      5/2      3/2
                  1-
  5d-( 1)  6p ( 1)
      3/2      3/2
                  1-
  7p ( 1)  7s ( 1)
      3/2      1/2
                  1-
  5d-( 1)  6p-( 1)
      3/2      1/2
                  1-
  6d-( 1)  7p-( 1)
      3/2      1/2
                  1-
  6p ( 1)  7s ( 1)
      3/2      1/2
                  1-
  6p ( 1)  7d-( 1)
      3/2      3/2
                  1-
  6p-( 1)  7d-( 1)
      1/2      3/2
                  1-
  5d-( 1)  7p ( 1)
      3/2      3/2
                  1-
  7p ( 1)  7d-( 1)
      3/2      3/2
                  1-
  6p ( 1)  8d-( 1)
      3/2      3/2
                  1-
  6p ( 1)  6d ( 1)
      3/2      5/2
                  1-
  6d ( 1)  7p ( 1)
      5/2      3/2
                  1-
  6p-( 1)  8d-( 1)
      1/2      3/2
                  1-
  7p ( 1)  8d-( 1)
      3/2      3/2
                  1-
  6d-( 1)  8p ( 1)
      3/2      3/2
                  1-
  7s ( 1)  8p-( 1)
      1/2      1/2
                  1-
  6p-( 1)  8s ( 1)
      1/2      1/2
                  1-
  7p-( 1)  8s ( 1)
      1/2      1/2
                  1-
  7p-( 1)  7d-( 1)
      1/2      3/2
                  1-
  5d-( 1)  7p-( 1)
      3/2      1/2
                  1-
  5d ( 1)  5f ( 1)
      5/2      7/2
                  1-
  7p ( 1)  8s ( 1)
      3/2      1/2
                  1-
  6s ( 1)  8p ( 1)
      1/2      3/2
                  1-
  7s ( 1)  8p ( 1)
      1/2      3/2
                  1-
  6d-( 1)  8p-( 1)
      3/2      1/2
                  1-
  5d ( 1)  8p ( 1)
      5/2      3/2
                  1-
  7p-( 1)  8d-( 1)
      1/2      3/2
                  1-
  7s ( 1)  9p-( 1)
      1/2      1/2
                  1-
  5d ( 1)  5f-( 1)
      5/2      5/2
                  1-
  6p ( 1)  8s ( 1)
      3/2      1/2
                  1-
  7d-( 1)  8p ( 1)
      3/2      3/2
                  1-
  6d ( 1)  8p ( 1)
      5/2      3/2
                  1-
  5d ( 1)  6f-( 1)
      5/2      5/2
                  1-
  8s ( 1)  8p-( 1)
      1/2      1/2
                  1-
  5d ( 1)  7f-( 1)
      5/2      5/2
                  1-
  8s ( 1)  8p ( 1)
      1/2      3/2
                  1-
  7d ( 1)  8p ( 1)
      5/2      3/2
                  1-
  6d-( 1)  9p-( 1)
      3/2      1/2
                  1-
  8p ( 1)  8d-( 1)
      3/2      3/2
                  1-
  5f ( 1)  6d ( 1)
      7/2      5/2
                  1-
  6s ( 1)  9p-( 1)
      1/2      1/2
                  1-
  5d ( 1)  8f-( 1)
      5/2      5/2
                  1-
  7d-( 1)  8p-( 1)
      3/2      1/2
                  1-
  8s ( 1)  9p-( 1)
      1/2      1/2
                  1-
  7p ( 1)  8d ( 1)
      3/2      5/2
                  1-
  8p ( 1)  9s ( 1)
      3/2      1/2
                  1-
  5f-( 1)  6d-( 1)
      5/2      3/2
                  1-
  7p-( 1)  9s ( 1)
      1/2      1/2
                  1-
  5f ( 1)  7d ( 1)
      7/2      5/2
                  1-
  7p ( 1)  7d ( 1)
      3/2      5/2
                  1-
  6s ( 1)  8p-( 1)
      1/2      1/2
                  1-
  5d-( 1)  8p-( 1)
      3/2      1/2
                  1-
  6d ( 1)  6f ( 1)
      5/2      7/2
                  1-
  6p ( 1)  7d ( 1)
      3/2      5/2
                  1-
  8p-( 1)  8d-( 1)
      1/2      3/2
                  1-
  5f-( 1)  6d ( 1)
      5/2      5/2
                  1-
  6d-( 1)  6f-( 1)
      3/2      5/2
                  1-
  6p ( 1)  8d ( 1)
      3/2      5/2
                  1-
  5d-( 1)  5f-( 1)
      3/2      5/2
                  1-
  5d-( 1)  8p ( 1)
      3/2      3/2
                  1-
  8p-( 1)  9s ( 1)
      1/2      1/2
                  1-
  7d-( 1)  9p-( 1)
      3/2      1/2
                  1-
  6d ( 1)  6f-( 1)
      5/2      5/2
                  1-
  5g ( 1)  6f ( 1)
      9/2      7/2
                  1-
  6d-( 1)  7f-( 1)
      3/2      5/2
                  1-
  7p ( 1)  9s ( 1)
      3/2      1/2
                  1-
  5f ( 1)  5g ( 1)
      7/2      9/2
                  1-
  5d-( 1)  6f-( 1)
      3/2      5/2
                  1-
  6s ( 1)  9p ( 1)
      1/2      3/2
                  1-
  6d ( 1)  7f-( 1)
      5/2      5/2
                  1-
  6d-( 1)  8f-( 1)
      3/2      5/2
                  1-
  9s ( 1)  9p-( 1)
      1/2      1/2
                  1-
  5d-( 1)  7f-( 1)
      3/2      5/2
                  1-
  5f-( 1)  7d ( 1)
      5/2      5/2
                  1-
  5f-( 1)  7d-( 1)
      5/2      3/2
                  1-
  6d ( 1)  8f-( 1)
      5/2      5/2
                  1-
  8p ( 1)  8d ( 1)
      3/2      5/2
                  1-
  8d-( 1)  9p-( 1)
      3/2      1/2
                  1-
  5d-( 1)  8f-( 1)
      3/2      5/2
                  1-
  7d ( 1)  7f ( 1)
      5/2      7/2
                  1-
  6p-( 1)  9s ( 1)
      1/2      1/2
                  1-
  6f-( 1)  7d ( 1)
      5/2      5/2
                  1-
  6f-( 1)  7d-( 1)
      5/2      3/2
                  1-
  6f ( 1)  8d ( 1)
      7/2      5/2
                  1-
  5d-( 1)  9p-( 1)
      3/2      1/2
                  1-
  6p ( 1)  9s ( 1)
      3/2      1/2
                  1-
  5f ( 1)  6g ( 1)
      7/2      9/2
                  1-
  7d ( 1)  7f-( 1)
      5/2      5/2
                  1-
  7d-( 1)  7f-( 1)
      3/2      5/2
                  1-
  5f-( 1)  8d-( 1)
      5/2      3/2
                  1-
  5d ( 1)  6f ( 1)
      5/2      7/2
                  1-
  7d ( 1)  8f-( 1)
      5/2      5/2
                  1-
  7d-( 1)  8f-( 1)
      3/2      5/2
                  1-
  6f-( 1)  8d-( 1)
      5/2      3/2
                  1-
  8d ( 1)  8f ( 1)
      5/2      7/2
                  1-
  7f-( 1)  8d-( 1)
      5/2      3/2
                  1-
  5d ( 1)  7f ( 1)
      5/2      7/2
                  1-
  6g ( 1)  7f ( 1)
      9/2      7/2
                  1-
  7f ( 1)  8d ( 1)
      7/2      5/2
                  1-
  8d-( 1)  8f-( 1)
      3/2      5/2
                  1-
  5f ( 1)  8d ( 1)
      7/2      5/2
                  1-
  6f ( 1)  7d ( 1)
      7/2      5/2
                  1-
  5f ( 1)  5g-( 1)
      7/2      7/2
                  1-
  6d ( 1)  8f ( 1)
      5/2      7/2
                  1-
  5f ( 1)  6g-( 1)
      7/2      7/2
                  1-
  5g ( 1)  7f ( 1)
      9/2      7/2
                  1-
  5d-( 1)  9p ( 1)
      3/2      3/2
                  1-
  7d ( 1)  9p ( 1)
      5/2      3/2
                  1-
  6d ( 1)  7f ( 1)
      5/2      7/2
                  1-
  6f ( 1)  6g ( 1)
      7/2      9/2
                  1-
  6g ( 1)  8f ( 1)
      9/2      7/2
                  1-
  8d ( 1)  9p ( 1)
      5/2      3/2
                  1-
  7s ( 1)  9p ( 1)
      1/2      3/2
                  1-
  9s ( 1)  9p ( 1)
      1/2      3/2
                  1-
  5g-( 1)  6f ( 1)
      7/2      7/2
                  1-
  6f ( 1)  6g-( 1)
      7/2      7/2
                  1-
  5f-( 1)  8d ( 1)
      5/2      5/2
                  1-
  6d-( 1)  9p ( 1)
      3/2      3/2
                  1-
  5d ( 1)  8f ( 1)
      5/2      7/2
                  1-
  5d ( 1)  9p ( 1)
      5/2      3/2
                  1-
  6d ( 1)  9p ( 1)
      5/2      3/2
                  1-
  6f-( 1)  8d ( 1)
      5/2      5/2
                  1-
  7d ( 1)  8f ( 1)
      5/2      7/2
                  1-
  7d-( 1)  9p ( 1)
      3/2      3/2
                  1-
  5g ( 1)  8f ( 1)
      9/2      7/2
                  1-
  5g-( 1)  6f-( 1)
      7/2      5/2
                  1-
  5f-( 1)  5g-( 1)
      5/2      7/2
                  1-
  7f-( 1)  8d ( 1)
      5/2      5/2
                  1-
  8d-( 1)  9p ( 1)
      3/2      3/2
                  1-
  5f-( 1)  6g-( 1)
      5/2      7/2
                  1-
  5g-( 1)  7f-( 1)
      7/2      5/2
                  1-
  6f-( 1)  6g-( 1)
      5/2      7/2
                  1-
  5g-( 1)  8f-( 1)
      7/2      5/2
                  1-
  8d ( 1)  8f-( 1)
      5/2      5/2
                  1-
  6g-( 1)  7f-( 1)
      7/2      5/2
                  1-
  5g-( 1)  8f ( 1)
      7/2      7/2
                  1-
  6g-( 1)  8f-( 1)
      7/2      5/2
                  1-
  6g-( 1)  8f ( 1)
      7/2      7/2
                  1-
  8s ( 1)  9p ( 1)
      1/2      3/2
                  1-
  6g-( 1)  7f ( 1)
      7/2      7/2
                  1-
  5g-( 1)  7f ( 1)
      7/2      7/2
                  1-
