  Option :  
 Standard ordering.
           6  Highest principal quantum number.
           3  Highest orbital angular momentum.
 F  all subshells active.
 F  limitations on population of n-subshells.
           6  highest n-number.
 Predefined core:c
 Core n=           5
          14  number of electrons in           4 f
     closed, inactive, etc...
           0  number of electrons in           5 d
     inactive, active, etc...
           0  number of electrons in           5 f
     inactive, active, etc...
           1  number of electrons in           6 s
     inactive, active, etc...
           0  number of electrons in           6 p
     inactive, active, etc...
           0  number of electrons in           6 d
     inactive, active, etc...
           0  number of electrons in           6 f
     inactive, active, etc...
           1  to           1  is the resulting term.
           1  number of excitations.
 T  Generate another list.
           6  Highest principal quantum number.
           3  Highest orbital angular momentum.
 F  all subshells active.
 F  limitations on population of n-subshells.
           6  highest n-number.
          14  number of electrons in           4 f
   inactive, active, etc...
           0  number of electrons in           5 d
   inactive, active, etc...
           0  number of electrons in           5 f
   inactive, active, etc...
           0  number of electrons in           6 s
   inactive, active, etc...
           1  number of electrons in           6 p
   inactive, active, etc...
           0  number of electrons in           6 d
   inactive, active, etc...
           0  number of electrons in           6 f
   inactive, active, etc...
           1  to           3  is the resulting term.
           0  number of excitations.
 F  Generate another list.
