  Option :  
 Standard ordering.
           3  Highest principal quantum number.
           2  Highest orbital angular momentum.
 T  all subshells active.
 F  limitations on population of n-subshells.
           2  highest n-number.
 Predefined core: 
           2  number of electrons in           1 s
           2  number of electrons in           2 s
           3  number of electrons in           2 p
           1  to           5  is the resulting term.
           2  number of excitations.
 T  Generate another list.
           3  Highest principal quantum number.
           2  Highest orbital angular momentum.
 T  all subshells active.
 F  limitations on population of n-subshells.
           2  highest n-number.
           2  number of electrons in           1 s
           0  number of electrons in           2 s
           5  number of electrons in           2 p
           1  to           5  is the resulting term.
           2  number of excitations.
 F  Generate another list.
