  Option :  
 Standard ordering.
           6  Highest principal quantum number.
           3  Highest orbital angular momentum.
 T  all subshells active.
 F  limitations on population of n-subshells.
           6  highest n-number.
 Predefined core:c
 Core n=           5
          14  number of electrons in           4 f
           0  number of electrons in           5 d
           0  number of electrons in           5 f
           1  number of electrons in           6 s
           0  number of electrons in           6 p
           0  number of electrons in           6 d
           0  number of electrons in           6 f
           1  to           1  is the resulting term.
           2  number of excitations.
 T  Generate another list.
           6  Highest principal quantum number.
           3  Highest orbital angular momentum.
 T  all subshells active.
 F  limitations on population of n-subshells.
           6  highest n-number.
          14  number of electrons in           4 f
           0  number of electrons in           5 d
           0  number of electrons in           5 f
           0  number of electrons in           6 s
           1  number of electrons in           6 p
           0  number of electrons in           6 d
           0  number of electrons in           6 f
           1  to           3  is the resulting term.
           2  number of excitations.
 T  Generate another list.
           6  Highest principal quantum number.
           3  Highest orbital angular momentum.
 T  all subshells active.
 F  limitations on population of n-subshells.
           6  highest n-number.
          14  number of electrons in           4 f
           1  number of electrons in           5 d
           0  number of electrons in           5 f
           0  number of electrons in           6 s
           0  number of electrons in           6 p
           0  number of electrons in           6 d
           0  number of electrons in           6 f
           3  to           5  is the resulting term.
           2  number of excitations.
 T  Generate another list.
           6  Highest principal quantum number.
           3  Highest orbital angular momentum.
 T  all subshells active.
 F  limitations on population of n-subshells.
           6  highest n-number.
          13  number of electrons in           4 f
           0  number of electrons in           5 d
           0  number of electrons in           5 f
           2  number of electrons in           6 s
           0  number of electrons in           6 p
           0  number of electrons in           6 d
           0  number of electrons in           6 f
           7  to           7  is the resulting term.
           2  number of excitations.
 F  Generate another list.
